Using pre-set license
Built from '2020.3/staging' branch; Version is '2020.3.5f1 (8095aa901b9b) revision 8426922'; Using compiler version '192528614'; Build Type 'Release'
OS: 'Windows 10 Education; OS build 19044.1288; Version 2009; 64bit' Language: 'en' Physical Memory: 32617 MB
BatchMode: 1, IsHumanControllingUs: 0, StartBugReporterOnCrash: 0, Is64bit: 1, IsPro: 0

 COMMAND LINE ARGUMENTS:
C:\Program Files\Unity\Hub\Editor\2020.3.5f1\Editor\Unity.exe
-adb2
-batchMode
-noUpm
-name
AssetImportWorker0
-projectPath
C:/Users/s201031/Desktop/throwaway/New Unity Project
-logFile
Logs/AssetImportWorker0.log
-srvPort
65112
Successfully changed project path to: C:/Users/s201031/Desktop/throwaway/New Unity Project
C:/Users/s201031/Desktop/throwaway/New Unity Project
Using Asset Import Pipeline V2.
Refreshing native plugins compatible for Editor in 25.84 ms, found 0 plugins.
Preloading 0 native plugins for Editor in 0.00 ms.
Initialize engine version: 2020.3.5f1 (8095aa901b9b)
[Subsystems] Discovering subsystems at path C:/Program Files/Unity/Hub/Editor/2020.3.5f1/Editor/Data/Resources/UnitySubsystems
[Subsystems] Discovering subsystems at path C:/Users/s201031/Desktop/throwaway/New Unity Project/Assets
GfxDevice: creating device client; threaded=0
Direct3D:
    Version:  Direct3D 11.0 [level 11.1]
    Renderer: NVIDIA GeForce RTX 3060 Ti (ID=0x2489)
    Vendor:   
    VRAM:     8050 MB
    Driver:   30.0.14.9676
Initialize mono
Mono path[0] = 'C:/Program Files/Unity/Hub/Editor/2020.3.5f1/Editor/Data/Managed'
Mono path[1] = 'C:/Program Files/Unity/Hub/Editor/2020.3.5f1/Editor/Data/MonoBleedingEdge/lib/mono/unityjit'
Mono config path = 'C:/Program Files/Unity/Hub/Editor/2020.3.5f1/Editor/Data/MonoBleedingEdge/etc'
Using monoOptions --debugger-agent=transport=dt_socket,embedding=1,server=y,suspend=n,address=127.0.0.1:56440
Begin MonoManager ReloadAssembly
Registering precompiled unity dll's ...
Register platform support module: C:/Program Files/Unity/Hub/Editor/2020.3.5f1/Editor/Data/PlaybackEngines/WebGLSupport/UnityEditor.WebGL.Extensions.dll
Register platform support module: C:/Program Files/Unity/Hub/Editor/2020.3.5f1/Editor/Data/PlaybackEngines/WindowsStandaloneSupport/UnityEditor.WindowsStandalone.Extensions.dll
Registered in 0.001479 seconds.
Native extension for WindowsStandalone target not found
Native extension for WebGL target not found
Refreshing native plugins compatible for Editor in 23.90 ms, found 0 plugins.
Preloading 0 native plugins for Editor in 0.00 ms.
Mono: successfully reloaded assembly
- Completed reload, in  0.892 seconds
Platform modules already initialized, skipping
Registering precompiled user dll's ...
Registered in 0.000590 seconds.
Begin MonoManager ReloadAssembly
Native extension for WindowsStandalone target not found
Native extension for WebGL target not found
Refreshing native plugins compatible for Editor in 22.78 ms, found 0 plugins.
Preloading 0 native plugins for Editor in 0.00 ms.
Mono: successfully reloaded assembly
- Completed reload, in  0.727 seconds
Platform modules already initialized, skipping
========================================================================
Worker process is ready to serve import requests
Launched and connected shader compiler UnityShaderCompiler.exe after 0.03 seconds
Refreshing native plugins compatible for Editor in 0.22 ms, found 0 plugins.
Preloading 0 native plugins for Editor in 0.00 ms.
Unloading 1415 Unused Serialized files (Serialized files now loaded: 0)
System memory in use before: 67.6 MB.
System memory in use after: 67.6 MB.

Unloading 12 unused Assets to reduce memory usage. Loaded Objects now: 1860.
Total: 2.077400 ms (FindLiveObjects: 0.237300 ms CreateObjectMapping: 0.103600 ms MarkObjects: 1.674600 ms  DeleteObjects: 0.061000 ms)

========================================================================
Received Import Request.
  path: Assets/Scripts/Inventory.cs
  artifactKey: Guid(cfb0e50b5654bc04593b2886440e79ad) Importer(815301076,1909f56bfc062723c751e8b465ee728b)
Start importing Assets/Scripts/Inventory.cs using Guid(cfb0e50b5654bc04593b2886440e79ad) Importer(815301076,1909f56bfc062723c751e8b465ee728b)  -> (artifact id: '02f7e7495119f3190d5eb295146f877c') in 0.013203 seconds
  Import took 0.015352 seconds .

========================================================================
Received Import Request.
  Time since last request: 0.001032 seconds.
  path: Assets/Scripts/Inventory.cs
  artifactKey: Guid(cfb0e50b5654bc04593b2886440e79ad) Importer(815301076,1909f56bfc062723c751e8b465ee728b)
Start importing Assets/Scripts/Inventory.cs using Guid(cfb0e50b5654bc04593b2886440e79ad) Importer(815301076,1909f56bfc062723c751e8b465ee728b)  -> (artifact id: '02f7e7495119f3190d5eb295146f877c') in 0.001808 seconds
  Import took 0.003801 seconds .

========================================================================
Received Prepare
Registering precompiled user dll's ...
Registered in 0.000518 seconds.
Begin MonoManager ReloadAssembly
Native extension for WindowsStandalone target not found
Native extension for WebGL target not found
Refreshing native plugins compatible for Editor in 0.28 ms, found 0 plugins.
Preloading 0 native plugins for Editor in 0.00 ms.
Mono: successfully reloaded assembly
- Completed reload, in  0.660 seconds
Platform modules already initialized, skipping
Refreshing native plugins compatible for Editor in 0.23 ms, found 0 plugins.
Preloading 0 native plugins for Editor in 0.00 ms.
Unloading 1410 Unused Serialized files (Serialized files now loaded: 0)
System memory in use before: 67.6 MB.
System memory in use after: 67.7 MB.

Unloading 5 unused Assets to reduce memory usage. Loaded Objects now: 1863.
Total: 2.119000 ms (FindLiveObjects: 0.287900 ms CreateObjectMapping: 0.079500 ms MarkObjects: 1.697800 ms  DeleteObjects: 0.051200 ms)

========================================================================
Received Import Request.
  Time since last request: 267.294806 seconds.
  path: Assets/Scripts/Input.inputactions
  artifactKey: Guid(084857c1713b04f48ae9102937f1ea86) Importer(815301076,1909f56bfc062723c751e8b465ee728b)
Start importing Assets/Scripts/Input.inputactions using Guid(084857c1713b04f48ae9102937f1ea86) Importer(815301076,1909f56bfc062723c751e8b465ee728b)  -> (artifact id: '73466b9ecaa74c28e83f5893d952fdb7') in 0.018386 seconds
  Import took 0.020360 seconds .

========================================================================
Received Import Request.
  Time since last request: 0.000600 seconds.
  path: Assets/Scripts/Input.inputactions
  artifactKey: Guid(084857c1713b04f48ae9102937f1ea86) Importer(815301076,1909f56bfc062723c751e8b465ee728b)
Start importing Assets/Scripts/Input.inputactions using Guid(084857c1713b04f48ae9102937f1ea86) Importer(815301076,1909f56bfc062723c751e8b465ee728b)  -> (artifact id: '73466b9ecaa74c28e83f5893d952fdb7') in 0.002197 seconds
  Import took 0.003922 seconds .

========================================================================
Received Import Request.
  Time since last request: 345.402144 seconds.
  path: Assets/Input.inputactions
  artifactKey: Guid(084857c1713b04f48ae9102937f1ea86) Importer(815301076,1909f56bfc062723c751e8b465ee728b)
Start importing Assets/Input.inputactions using Guid(084857c1713b04f48ae9102937f1ea86) Importer(815301076,1909f56bfc062723c751e8b465ee728b)  -> (artifact id: 'c43cb18b89a7e2ae9ccada21ddad6473') in 0.002274 seconds
  Import took 0.004529 seconds .

========================================================================
Received Import Request.
  Time since last request: 0.007116 seconds.
  path: Assets/Input.inputactions
  artifactKey: Guid(084857c1713b04f48ae9102937f1ea86) Importer(815301076,1909f56bfc062723c751e8b465ee728b)
Start importing Assets/Input.inputactions using Guid(084857c1713b04f48ae9102937f1ea86) Importer(815301076,1909f56bfc062723c751e8b465ee728b)  -> (artifact id: 'c43cb18b89a7e2ae9ccada21ddad6473') in 0.003224 seconds
  Import took 0.005105 seconds .

========================================================================
Received Prepare
Registering precompiled user dll's ...
Registered in 0.000525 seconds.
Begin MonoManager ReloadAssembly
Native extension for WindowsStandalone target not found
Native extension for WebGL target not found
Refreshing native plugins compatible for Editor in 0.23 ms, found 0 plugins.
Preloading 0 native plugins for Editor in 0.00 ms.
Mono: successfully reloaded assembly
- Completed reload, in  0.633 seconds
Platform modules already initialized, skipping
Refreshing native plugins compatible for Editor in 0.36 ms, found 0 plugins.
Preloading 0 native plugins for Editor in 0.00 ms.
Unloading 1411 Unused Serialized files (Serialized files now loaded: 0)
System memory in use before: 67.7 MB.
System memory in use after: 67.8 MB.

Unloading 5 unused Assets to reduce memory usage. Loaded Objects now: 1867.
Total: 1.498600 ms (FindLiveObjects: 0.144400 ms CreateObjectMapping: 0.043600 ms MarkObjects: 1.267400 ms  DeleteObjects: 0.042400 ms)

========================================================================
Received Import Request.
  Time since last request: 458.965375 seconds.
  path: Assets/Input.cs
  artifactKey: Guid(9e6258c601a040745b87ecb098f6a9b8) Importer(815301076,1909f56bfc062723c751e8b465ee728b)
Start importing Assets/Input.cs using Guid(9e6258c601a040745b87ecb098f6a9b8) Importer(815301076,1909f56bfc062723c751e8b465ee728b)  -> (artifact id: 'ed2d60091ae7d12d1f40d5e9afd03273') in 0.004023 seconds
  Import took 0.005916 seconds .

========================================================================
Received Import Request.
  Time since last request: 0.018038 seconds.
  path: Assets/Input.cs
  artifactKey: Guid(9e6258c601a040745b87ecb098f6a9b8) Importer(815301076,1909f56bfc062723c751e8b465ee728b)
Start importing Assets/Input.cs using Guid(9e6258c601a040745b87ecb098f6a9b8) Importer(815301076,1909f56bfc062723c751e8b465ee728b)  -> (artifact id: 'ed2d60091ae7d12d1f40d5e9afd03273') in 0.003451 seconds
  Import took 0.005358 seconds .

========================================================================
Received Import Request.
  Time since last request: 1575.388878 seconds.
  path: Assets/Input.inputactions
  artifactKey: Guid(084857c1713b04f48ae9102937f1ea86) Importer(815301076,1909f56bfc062723c751e8b465ee728b)
Start importing Assets/Input.inputactions using Guid(084857c1713b04f48ae9102937f1ea86) Importer(815301076,1909f56bfc062723c751e8b465ee728b)  -> (artifact id: 'bf34bc3383a8af657915d984727ee716') in 0.012590 seconds
  Import took 0.014897 seconds .

========================================================================
Received Prepare
Registering precompiled user dll's ...
Registered in 0.000412 seconds.
Begin MonoManager ReloadAssembly
Native extension for WindowsStandalone target not found
Native extension for WebGL target not found
Refreshing native plugins compatible for Editor in 0.22 ms, found 0 plugins.
Preloading 0 native plugins for Editor in 0.00 ms.
Mono: successfully reloaded assembly
- Completed reload, in  0.657 seconds
Platform modules already initialized, skipping
Refreshing native plugins compatible for Editor in 0.22 ms, found 0 plugins.
Preloading 0 native plugins for Editor in 0.00 ms.
Unloading 1411 Unused Serialized files (Serialized files now loaded: 0)
System memory in use before: 67.7 MB.
System memory in use after: 67.8 MB.

Unloading 5 unused Assets to reduce memory usage. Loaded Objects now: 1870.
Total: 1.535600 ms (FindLiveObjects: 0.162000 ms CreateObjectMapping: 0.041200 ms MarkObjects: 1.293800 ms  DeleteObjects: 0.037900 ms)

AssetImportWorkerClient::OnTransportError - code=2 error=End of file
